SF:lib/model/course.dart
DA:6,19
DA:21,5
DA:23,0
DA:24,0
DA:30,5
DA:32,15
DA:35,4
DA:37,4
DA:40,0
DA:41,0
DA:42,0
DA:43,0
DA:47,0
DA:48,0
DA:49,0
DA:50,0
DA:51,0
DA:55,0
DA:57,0
DA:60,0
DA:61,0
DA:63,0
DA:66,0
DA:67,0
DA:68,0
DA:69,0
DA:70,0
DA:72,0
DA:76,0
DA:79,0
DA:80,0
DA:82,0
DA:84,0
DA:85,0
DA:86,0
DA:87,0
DA:88,0
DA:90,0
LF:38
LH:6
end_of_record
SF:lib/model/firebase_model/course_review.dart
DA:8,12
DA:38,0
DA:39,0
DA:41,0
DA:42,0
DA:45,0
DA:46,0
DA:47,0
DA:48,0
DA:49,0
DA:50,0
DA:51,0
DA:52,0
DA:57,0
DA:60,0
DA:61,0
DA:62,0
DA:63,0
DA:65,0
DA:66,0
DA:69,0
DA:70,0
DA:73,0
DA:74,0
DA:77,0
DA:78,0
DA:79,0
DA:80,0
DA:81,0
DA:82,0
DA:83,0
DA:84,0
DA:85,0
LF:33
LH:1
end_of_record
SF:lib/model/firebase_model/individual_course_review.dart
DA:7,12
DA:40,0
DA:41,0
DA:42,0
DA:43,0
DA:44,0
DA:45,0
DA:46,0
DA:47,0
DA:48,0
DA:49,0
DA:50,0
DA:51,0
DA:52,0
DA:53,0
DA:58,0
DA:61,0
DA:62,0
DA:63,0
DA:64,0
DA:65,0
DA:66,0
DA:67,0
DA:68,0
DA:69,0
DA:70,0
DA:71,0
DA:72,0
DA:73,0
DA:74,0
DA:77,0
DA:78,0
DA:79,0
DA:80,0
DA:81,0
DA:82,0
DA:83,0
DA:84,0
DA:85,0
DA:86,0
DA:87,0
DA:88,0
DA:89,0
DA:90,0
LF:44
LH:1
end_of_record
SF:lib/model/instructor.dart
DA:7,18
DA:26,2
DA:28,6
DA:31,2
DA:33,6
DA:36,0
DA:37,0
DA:38,0
DA:39,0
DA:43,0
DA:44,0
DA:45,0
DA:46,0
DA:50,0
DA:53,0
DA:55,0
DA:56,0
DA:58,0
DA:60,0
DA:61,0
DA:62,0
DA:63,0
DA:64,0
DA:69,0
DA:71,0
DA:72,0
DA:74,0
DA:76,0
DA:77,0
DA:78,0
DA:79,0
DA:80,0
DA:84,0
DA:85,0
DA:86,0
DA:87,0
DA:88,0
LF:37
LH:5
end_of_record
SF:lib/model/market_page_item.dart
DA:5,4
LF:1
LH:1
end_of_record
SF:lib/model/tag.dart
DA:3,2
DA:6,0
DA:7,0
DA:8,0
DA:12,0
DA:13,0
DA:14,0
LF:7
LH:1
end_of_record
SF:lib/pages/discussionforum/create_discussion_entry_page.dart
DA:13,2
DA:16,1
DA:18,1
DA:31,1
DA:32,2
DA:34,1
DA:35,0
DA:36,0
DA:39,0
DA:42,2
DA:43,3
DA:45,0
DA:52,1
DA:54,2
DA:56,1
DA:58,1
DA:59,1
DA:60,1
DA:61,1
DA:62,1
DA:67,1
DA:69,1
DA:70,2
DA:71,2
DA:73,1
DA:74,1
DA:75,1
DA:78,1
DA:79,1
DA:80,1
DA:81,1
DA:82,1
DA:84,1
DA:87,1
DA:89,1
DA:90,1
DA:92,0
DA:94,0
DA:95,0
DA:96,0
DA:97,0
DA:98,0
DA:101,0
DA:102,0
DA:103,0
DA:104,0
DA:106,0
DA:107,0
DA:108,0
DA:111,1
DA:113,1
DA:114,2
DA:115,1
DA:117,1
DA:118,1
DA:133,1
DA:134,1
DA:138,1
DA:139,1
DA:140,3
DA:147,1
DA:149,1
DA:150,1
DA:151,2
DA:154,1
DA:155,2
DA:158,1
DA:160,2
DA:164,1
DA:165,1
DA:173,1
DA:174,1
DA:179,1
DA:181,1
DA:182,1
DA:184,2
DA:187,1
DA:190,2
DA:193,0
DA:194,0
DA:195,0
DA:197,0
DA:202,1
DA:205,1
DA:206,1
DA:207,1
DA:208,2
DA:210,0
DA:211,0
DA:212,0
DA:215,0
DA:217,0
DA:220,0
DA:221,0
DA:222,0
DA:223,0
DA:224,0
DA:230,0
DA:233,1
DA:235,1
DA:236,1
DA:238,1
DA:239,2
DA:245,1
DA:246,1
DA:247,1
DA:249,2
DA:251,1
DA:255,1
DA:257,1
DA:258,3
DA:262,1
DA:263,1
DA:264,2
DA:268,1
DA:269,2
DA:271,1
DA:272,1
DA:273,2
DA:277,1
DA:278,1
LF:121
LH:89
end_of_record
SF:lib/pages/discussionforum/discussion_entry_page.dart
DA:15,2
DA:20,1
DA:21,1
DA:27,1
DA:29,1
DA:30,6
DA:34,0
DA:35,0
DA:36,0
DA:41,1
DA:42,1
DA:46,2
DA:47,3
DA:49,2
DA:52,0
DA:54,0
DA:57,0
DA:59,0
DA:61,0
DA:62,0
DA:63,0
DA:64,0
DA:66,0
DA:67,0
DA:68,0
DA:70,0
DA:72,0
DA:75,0
DA:76,0
DA:81,0
DA:83,0
DA:85,0
DA:86,0
DA:88,0
DA:90,0
DA:97,0
DA:100,0
DA:103,0
DA:104,0
DA:105,0
DA:107,0
DA:108,0
DA:109,0
DA:111,0
DA:112,0
DA:113,0
DA:133,1
DA:135,2
DA:136,1
DA:137,1
DA:138,2
DA:139,1
DA:140,1
DA:141,2
DA:142,1
DA:143,1
DA:144,2
DA:145,2
DA:147,1
DA:148,1
DA:149,1
DA:150,1
DA:151,1
DA:152,1
DA:154,1
DA:155,1
DA:157,1
DA:158,1
DA:159,1
DA:160,2
DA:162,1
DA:163,1
DA:164,1
DA:165,1
DA:166,1
DA:167,1
DA:168,2
DA:169,1
DA:171,2
DA:176,1
DA:178,1
DA:179,1
DA:180,1
DA:181,1
DA:187,1
DA:190,1
DA:191,1
DA:198,1
DA:201,1
DA:202,1
DA:209,1
DA:212,1
DA:215,1
DA:216,3
DA:217,1
DA:218,1
DA:220,1
DA:221,2
DA:225,1
DA:227,1
DA:230,1
DA:231,1
DA:232,1
DA:234,1
DA:235,1
DA:237,2
DA:239,2
DA:241,1
DA:245,1
DA:248,1
DA:249,1
DA:252,0
DA:254,0
DA:257,0
DA:259,0
DA:261,0
DA:262,0
DA:263,0
DA:265,0
DA:266,0
DA:267,0
DA:269,0
DA:272,0
DA:274,0
DA:275,0
DA:277,0
DA:278,0
DA:279,0
DA:280,0
DA:305,1
DA:306,1
DA:308,1
DA:309,2
DA:310,1
DA:311,3
DA:312,1
DA:313,1
DA:315,1
DA:317,2
DA:318,1
DA:320,2
DA:327,1
DA:328,0
LF:143
LH:89
end_of_record
SF:lib/pages/discussionforum/discussion_forum_page.dart
DA:12,2
DA:15,1
DA:16,1
DA:24,1
DA:26,1
DA:27,1
DA:28,1
DA:29,3
DA:33,1
DA:34,5
DA:35,2
DA:36,1
DA:42,1
DA:43,2
DA:44,2
DA:49,1
DA:50,2
DA:51,1
DA:53,1
DA:54,2
DA:55,4
DA:56,6
DA:57,1
DA:60,1
DA:62,2
DA:64,1
DA:66,1
DA:67,1
DA:68,1
DA:69,1
DA:74,1
DA:76,1
DA:77,2
DA:78,1
DA:79,1
DA:80,1
DA:83,1
DA:84,1
DA:85,1
DA:86,2
DA:87,1
DA:89,1
DA:90,1
DA:92,1
DA:94,1
DA:95,1
DA:96,3
DA:97,1
DA:99,2
DA:109,1
DA:111,2
DA:112,2
DA:113,1
DA:116,1
DA:117,0
DA:118,0
LF:56
LH:54
end_of_record
SF:lib/pages/home_page.dart
DA:14,4
DA:20,1
DA:21,1
DA:26,1
DA:27,1
DA:29,1
DA:30,1
DA:32,1
DA:35,1
DA:37,1
DA:42,1
DA:47,1
DA:48,1
DA:51,1
DA:52,2
DA:53,1
DA:54,1
DA:56,2
DA:60,4
DA:64,1
DA:66,1
DA:67,4
DA:68,4
DA:69,3
DA:70,1
DA:75,1
DA:77,2
DA:79,1
DA:81,0
DA:82,0
DA:85,1
DA:86,1
DA:88,1
DA:89,1
DA:94,1
DA:95,1
DA:96,1
DA:97,1
DA:98,1
DA:99,1
DA:100,1
DA:109,1
DA:110,1
DA:112,1
DA:113,1
DA:114,2
DA:116,1
DA:121,2
DA:122,1
DA:123,1
LF:50
LH:48
end_of_record
SF:lib/pages/marketpage/create_market_listing_page.dart
DA:19,2
DA:23,1
DA:25,1
DA:44,0
DA:45,0
DA:46,0
DA:47,0
DA:50,0
DA:54,0
DA:55,0
DA:62,0
DA:63,0
DA:65,0
DA:67,0
DA:73,0
DA:74,0
DA:75,0
DA:76,0
DA:77,0
DA:79,0
DA:80,0
DA:81,0
DA:84,0
DA:90,0
DA:93,0
DA:94,0
DA:97,0
DA:98,0
DA:99,0
DA:100,0
DA:101,0
DA:105,0
DA:107,0
DA:108,0
DA:110,0
DA:111,0
DA:112,0
DA:113,0
DA:114,0
DA:117,0
DA:119,0
DA:121,0
DA:123,0
DA:128,0
DA:129,0
DA:132,0
DA:135,0
DA:136,0
DA:137,0
DA:138,0
DA:144,1
DA:146,2
DA:148,1
DA:150,1
DA:151,1
DA:152,1
DA:153,1
DA:158,1
DA:160,1
DA:161,2
DA:162,2
DA:163,2
DA:164,1
DA:165,1
DA:166,1
DA:167,1
DA:168,1
DA:169,1
DA:172,1
DA:173,1
DA:174,1
DA:175,2
DA:176,1
DA:178,0
DA:179,0
DA:186,1
DA:187,1
DA:188,1
DA:189,1
DA:190,1
DA:192,1
DA:194,1
DA:201,1
DA:204,1
DA:205,1
DA:206,2
DA:207,1
DA:210,1
DA:214,1
DA:215,2
DA:216,1
DA:217,2
DA:219,0
DA:220,0
DA:229,1
DA:230,1
DA:231,1
DA:233,1
DA:234,1
DA:241,1
DA:242,1
DA:245,1
DA:247,1
DA:249,1
DA:250,1
DA:251,1
DA:252,2
DA:256,1
DA:257,1
DA:260,1
DA:262,1
DA:264,1
DA:265,0
DA:266,0
DA:267,0
DA:274,1
DA:276,1
DA:277,0
DA:279,0
DA:280,0
DA:284,1
DA:285,1
DA:286,1
DA:287,1
DA:290,1
DA:292,1
DA:293,1
DA:295,1
DA:297,1
DA:299,1
DA:302,1
DA:303,1
DA:308,1
DA:313,1
DA:314,1
DA:317,1
DA:318,0
DA:319,0
DA:321,1
DA:322,1
DA:323,1
DA:324,1
DA:327,1
DA:330,1
DA:331,1
DA:332,1
DA:333,1
DA:334,4
DA:336,2
DA:348,1
DA:351,1
DA:352,1
DA:353,0
DA:354,0
DA:356,0
DA:377,1
DA:380,2
DA:382,1
DA:383,3
DA:384,1
DA:385,1
DA:387,1
DA:388,2
DA:389,0
DA:390,0
DA:393,1
DA:396,1
DA:399,1
DA:401,1
DA:411,1
DA:414,1
DA:417,1
DA:421,1
DA:422,2
DA:423,1
DA:424,2
DA:431,1
DA:432,1
DA:433,2
DA:434,1
DA:435,1
DA:436,2
DA:439,0
DA:440,0
DA:450,1
DA:452,1
DA:455,1
DA:456,0
DA:457,0
DA:459,1
DA:460,1
DA:462,1
DA:463,2
DA:473,2
DA:474,0
DA:475,0
DA:476,0
DA:478,0
DA:479,1
DA:480,2
DA:481,1
DA:484,1
DA:487,1
DA:489,0
DA:490,0
DA:491,0
DA:494,1
DA:496,1
DA:497,2
DA:498,1
DA:500,1
DA:502,1
LF:212
LH:137
end_of_record
SF:lib/pages/marketpage/listing_detail_page.dart
DA:10,2
DA:13,1
DA:14,1
DA:22,1
DA:23,2
DA:24,1
DA:25,1
DA:29,1
DA:30,0
DA:32,0
DA:34,0
DA:36,0
DA:37,0
DA:38,0
DA:40,0
DA:43,0
DA:44,0
DA:45,0
DA:47,0
DA:51,1
DA:53,2
DA:55,1
DA:56,1
DA:57,1
DA:58,1
DA:59,1
DA:60,1
DA:65,1
DA:66,1
DA:67,2
DA:68,2
DA:69,1
DA:70,1
DA:71,1
DA:72,1
DA:73,1
DA:74,1
DA:75,1
DA:76,1
DA:77,1
DA:78,1
DA:79,1
DA:80,1
DA:81,1
DA:82,4
DA:83,0
DA:84,0
DA:98,1
DA:102,1
DA:103,3
DA:104,1
DA:105,1
DA:106,1
DA:107,3
DA:118,1
DA:121,1
DA:123,1
DA:124,1
DA:125,4
DA:126,0
DA:128,0
DA:129,0
DA:130,0
DA:133,1
DA:136,1
DA:137,3
DA:138,1
DA:139,1
DA:140,4
DA:148,1
DA:152,1
DA:154,1
DA:159,4
DA:165,2
DA:166,1
DA:168,1
DA:170,2
DA:183,3
DA:184,1
DA:187,1
DA:190,1
DA:191,1
DA:193,1
DA:194,5
DA:195,2
DA:196,1
LF:86
LH:69
end_of_record
SF:lib/pages/marketpage/market_page.dart
DA:12,2
DA:14,1
DA:15,1
DA:22,1
DA:24,1
DA:25,1
DA:29,1
DA:30,5
DA:31,2
DA:32,1
DA:38,0
DA:39,0
DA:40,0
DA:45,1
DA:46,2
DA:47,1
DA:49,0
DA:50,0
DA:51,0
DA:52,0
DA:53,0
DA:54,0
DA:57,1
DA:58,2
DA:61,1
DA:63,1
DA:64,1
DA:66,1
DA:67,1
DA:73,1
DA:75,1
DA:76,2
DA:77,1
DA:78,1
DA:79,1
DA:82,1
DA:83,1
DA:84,1
DA:85,2
DA:86,1
DA:88,1
DA:89,1
DA:91,1
DA:93,1
DA:94,1
DA:95,3
DA:96,1
DA:106,1
DA:108,2
DA:109,2
DA:110,1
DA:113,1
DA:114,0
DA:115,0
LF:54
LH:43
end_of_record
SF:lib/pages/myaccounts/my_account_page.dart
DA:17,2
DA:26,1
DA:27,1
DA:35,0
DA:36,0
DA:40,0
DA:41,0
DA:42,0
DA:43,0
DA:49,1
DA:50,1
DA:51,1
DA:52,1
DA:54,1
DA:56,1
DA:58,1
DA:63,1
DA:68,1
DA:69,1
DA:72,1
DA:73,2
DA:74,1
DA:75,1
DA:77,2
DA:80,1
DA:83,1
DA:84,2
DA:85,1
DA:86,1
DA:88,2
DA:92,4
DA:101,1
DA:103,1
DA:104,3
DA:105,5
DA:106,3
DA:107,5
DA:109,4
DA:110,5
DA:112,5
DA:113,4
DA:114,5
DA:118,1
DA:120,2
DA:122,1
DA:124,1
DA:125,1
DA:126,1
DA:127,1
DA:129,1
DA:130,1
DA:131,2
DA:132,2
DA:134,2
DA:135,1
DA:136,4
DA:137,1
DA:138,1
DA:139,1
DA:141,1
DA:142,1
DA:143,1
DA:145,1
DA:146,1
DA:147,1
DA:150,1
DA:151,1
DA:152,1
DA:153,3
DA:154,2
DA:156,1
DA:162,1
DA:165,1
DA:167,1
DA:168,1
DA:169,1
DA:170,1
DA:172,1
DA:173,1
DA:174,0
DA:175,1
DA:182,1
DA:185,1
DA:186,1
DA:188,1
DA:190,3
DA:203,1
DA:206,1
DA:208,1
DA:209,1
DA:212,1
DA:213,0
DA:214,0
DA:215,0
DA:224,1
DA:225,1
DA:226,1
DA:228,2
DA:229,1
DA:232,1
DA:234,4
DA:236,3
DA:237,1
DA:238,2
DA:239,2
DA:240,1
DA:242,3
DA:246,1
DA:247,1
DA:249,2
DA:264,0
DA:265,0
DA:267,0
DA:269,0
DA:270,0
DA:277,1
DA:279,1
DA:281,1
DA:282,1
DA:285,1
DA:286,0
DA:287,0
DA:296,1
DA:297,1
DA:298,1
DA:300,2
DA:301,1
DA:304,1
DA:306,4
DA:307,3
DA:308,1
DA:309,3
DA:310,1
DA:311,1
DA:313,3
DA:317,1
DA:318,1
DA:320,2
DA:335,0
DA:336,0
DA:337,0
DA:338,0
LF:142
LH:121
end_of_record
SF:lib/pages/myaccounts/my_bookmarks_page.dart
DA:12,2
DA:16,1
DA:17,1
DA:25,1
DA:27,1
DA:28,3
DA:29,5
DA:30,3
DA:31,1
DA:32,4
DA:36,1
DA:37,1
DA:38,3
DA:39,5
DA:41,3
DA:42,1
DA:43,4
DA:45,3
DA:48,1
DA:50,2
DA:52,1
DA:53,1
DA:55,1
DA:56,1
DA:58,1
DA:59,1
DA:60,2
DA:62,1
DA:63,1
DA:64,1
DA:65,3
DA:66,1
DA:67,1
DA:68,1
DA:69,1
DA:70,2
DA:75,1
DA:77,3
DA:78,1
DA:79,1
DA:80,1
DA:81,1
DA:82,1
DA:85,4
DA:86,1
DA:88,1
DA:89,2
LF:47
LH:47
end_of_record
SF:lib/pages/myaccounts/my_review_detail_page.dart
DA:10,2
DA:13,1
DA:15,2
DA:17,1
DA:18,1
DA:19,1
DA:20,1
DA:22,1
DA:23,1
DA:24,2
DA:25,2
DA:27,2
DA:28,1
DA:29,1
DA:30,1
DA:31,1
DA:32,1
DA:35,1
DA:36,1
DA:38,3
DA:39,1
DA:41,1
DA:42,4
DA:48,4
DA:58,1
DA:59,1
DA:60,1
DA:62,3
DA:65,1
DA:67,1
DA:74,1
DA:75,1
DA:77,1
DA:80,1
DA:86,1
DA:87,3
DA:88,1
DA:89,2
DA:90,1
DA:91,1
DA:92,1
DA:93,1
DA:102,1
DA:103,1
DA:105,1
DA:107,1
DA:113,1
DA:115,3
DA:116,1
DA:119,1
DA:123,1
DA:125,1
DA:126,2
DA:144,1
DA:146,1
DA:147,1
DA:149,3
DA:150,1
DA:151,1
DA:152,1
DA:155,1
DA:156,1
DA:157,1
DA:158,1
DA:159,1
DA:164,1
DA:165,5
DA:170,1
DA:171,1
DA:172,1
DA:173,1
DA:178,1
DA:179,7
DA:184,1
DA:185,1
DA:186,1
DA:187,1
DA:192,3
DA:197,1
DA:198,1
DA:199,1
DA:200,1
DA:205,3
DA:211,1
DA:214,1
DA:216,1
DA:217,1
DA:219,1
DA:230,1
DA:231,1
DA:232,4
DA:233,1
DA:235,1
DA:236,3
DA:244,1
DA:247,1
DA:249,1
DA:250,1
DA:259,1
DA:260,1
DA:261,4
LF:101
LH:101
end_of_record
SF:lib/pages/myaccounts/my_reviews_page.dart
DA:12,2
DA:16,1
DA:17,1
DA:25,1
DA:27,1
DA:28,3
DA:29,5
DA:30,3
DA:31,5
DA:35,1
DA:36,1
DA:37,3
DA:38,5
DA:40,1
DA:41,7
DA:43,3
DA:46,1
DA:48,2
DA:50,1
DA:51,1
DA:53,1
DA:54,1
DA:56,1
DA:57,1
DA:58,2
DA:60,1
DA:61,1
DA:62,1
DA:63,1
DA:64,1
DA:65,1
DA:66,1
DA:67,1
DA:68,1
DA:73,1
DA:74,1
DA:75,2
DA:77,1
DA:78,1
DA:79,1
DA:80,1
DA:81,1
DA:84,4
DA:85,1
DA:87,1
DA:88,2
LF:46
LH:46
end_of_record
SF:lib/pages/reviewdigest/all_review_page.dart
DA:10,2
DA:14,1
DA:15,1
DA:21,1
DA:23,2
DA:25,1
DA:26,1
DA:27,1
DA:28,1
DA:30,1
DA:32,1
DA:33,1
DA:34,2
DA:36,1
DA:38,1
DA:39,1
DA:40,1
DA:41,1
DA:42,3
DA:44,1
DA:46,1
DA:47,1
DA:48,1
DA:50,5
DA:51,5
DA:58,1
DA:59,5
DA:65,1
DA:68,1
DA:70,1
DA:71,1
DA:72,1
DA:73,1
DA:74,1
DA:75,1
DA:76,2
DA:78,1
DA:80,9
DA:81,1
DA:82,9
DA:83,1
DA:85,1
DA:86,1
DA:90,1
DA:91,1
DA:92,1
DA:93,1
DA:94,1
DA:95,2
DA:97,1
DA:99,5
DA:100,1
DA:101,5
DA:102,1
DA:104,1
DA:105,1
DA:115,1
DA:116,1
DA:117,1
DA:118,4
DA:119,1
DA:120,1
DA:122,1
DA:124,4
LF:64
LH:64
end_of_record
SF:lib/pages/reviewdigest/comparison_result_page.dart
DA:11,2
DA:22,1
DA:23,1
DA:30,1
DA:32,1
DA:33,4
DA:34,4
DA:35,3
DA:36,4
DA:37,4
DA:38,3
DA:41,1
DA:43,2
DA:45,1
DA:46,1
DA:47,1
DA:48,1
DA:50,1
DA:52,4
DA:53,1
DA:54,1
DA:55,1
DA:57,1
DA:58,1
DA:59,2
DA:61,1
DA:62,1
DA:63,1
DA:64,1
DA:65,2
DA:66,2
DA:67,2
DA:68,2
DA:70,1
DA:72,2
DA:74,1
DA:75,2
DA:76,2
DA:77,2
DA:78,2
LF:40
LH:40
end_of_record
SF:lib/pages/reviewdigest/instructor_page.dart
DA:12,2
DA:17,1
DA:18,1
DA:24,1
DA:26,1
DA:27,1
DA:28,5
DA:32,0
DA:33,0
DA:34,0
DA:35,0
DA:39,1
DA:41,2
DA:43,1
DA:44,1
DA:45,1
DA:46,1
DA:50,1
DA:51,1
DA:52,2
DA:53,2
DA:54,1
DA:55,1
DA:56,1
DA:57,1
DA:58,1
DA:59,1
DA:61,3
DA:62,1
DA:64,1
DA:65,1
DA:66,1
DA:68,1
DA:69,1
DA:70,3
DA:79,1
DA:81,1
DA:82,1
DA:84,1
DA:88,2
DA:92,1
DA:94,1
DA:95,1
DA:96,1
DA:97,2
DA:98,1
DA:100,1
DA:101,1
DA:102,1
DA:103,1
DA:108,1
DA:110,2
DA:111,1
DA:112,2
DA:117,1
DA:118,1
DA:119,1
DA:124,1
DA:126,2
DA:127,1
DA:128,2
DA:136,1
DA:141,1
DA:143,3
DA:144,1
DA:150,1
DA:151,1
DA:154,1
DA:157,1
DA:158,1
DA:164,1
DA:165,1
DA:167,2
DA:168,1
DA:169,1
DA:170,1
DA:171,1
DA:172,1
DA:177,1
DA:184,1
DA:187,1
DA:189,1
DA:190,1
DA:196,1
DA:198,2
DA:199,1
DA:202,1
DA:206,1
DA:209,1
DA:210,1
DA:212,1
DA:226,1
DA:229,1
DA:232,1
DA:233,1
DA:240,1
DA:241,1
DA:242,2
DA:243,1
DA:244,1
DA:245,2
DA:246,1
DA:247,1
DA:248,1
DA:249,1
DA:250,1
DA:255,1
DA:263,1
DA:265,2
DA:267,1
DA:268,0
DA:269,0
DA:276,1
DA:281,1
DA:283,3
DA:284,1
DA:291,1
DA:292,2
DA:293,1
DA:294,1
DA:296,1
DA:298,2
LF:122
LH:116
end_of_record
SF:lib/pages/reviewdigest/review_detail_page.dart
DA:18,2
DA:23,1
DA:24,1
DA:31,1
DA:33,1
DA:34,5
DA:38,0
DA:39,0
DA:40,0
DA:41,0
DA:45,1
DA:48,1
DA:49,2
DA:50,1
DA:51,1
DA:52,1
DA:53,1
DA:54,1
DA:55,1
DA:56,1
DA:57,2
DA:61,1
DA:62,1
DA:63,1
DA:64,1
DA:65,1
DA:66,1
DA:67,3
DA:68,1
DA:70,1
DA:71,1
DA:72,1
DA:73,1
DA:74,1
DA:76,5
DA:77,5
DA:86,1
DA:88,1
DA:89,4
DA:94,1
DA:96,1
DA:97,4
DA:98,1
DA:101,2
DA:104,1
DA:107,1
DA:109,1
DA:110,1
DA:111,1
DA:112,1
DA:114,1
DA:115,1
DA:116,1
DA:117,1
DA:118,1
DA:119,1
DA:121,1
DA:123,9
DA:124,1
DA:125,0
DA:126,0
DA:128,0
DA:129,0
DA:131,1
DA:132,9
DA:133,1
DA:138,1
DA:139,1
DA:145,1
DA:146,1
DA:147,1
DA:148,1
DA:150,2
DA:152,1
DA:154,5
DA:155,1
DA:156,5
DA:157,1
DA:160,1
DA:161,1
DA:166,1
DA:168,5
DA:170,1
DA:171,0
DA:172,0
DA:173,0
DA:175,0
DA:176,0
DA:177,0
DA:179,0
DA:181,0
DA:183,0
DA:184,0
DA:185,0
DA:186,0
DA:189,1
DA:190,0
DA:191,0
DA:202,1
DA:203,1
DA:204,1
DA:205,3
DA:206,1
DA:208,1
DA:209,3
DA:212,1
DA:218,1
DA:219,1
DA:220,1
DA:221,1
DA:227,1
DA:229,1
DA:231,1
DA:232,10
DA:236,3
DA:237,1
DA:238,2
DA:239,1
DA:240,2
DA:251,1
DA:258,1
DA:260,1
DA:262,1
DA:263,10
DA:267,3
DA:268,1
DA:269,2
DA:270,1
DA:271,2
DA:287,1
DA:288,1
DA:289,1
DA:290,3
DA:291,1
DA:292,1
DA:294,1
DA:295,1
DA:296,3
DA:301,1
DA:302,3
DA:303,1
DA:309,1
DA:310,1
DA:311,1
DA:314,1
DA:317,1
DA:318,1
DA:324,1
DA:325,1
DA:327,4
DA:328,1
DA:329,1
DA:330,1
DA:332,2
DA:337,3
DA:345,1
DA:346,1
DA:349,1
DA:352,1
DA:353,1
DA:359,1
DA:360,1
DA:362,4
DA:363,1
DA:364,1
DA:365,1
DA:367,2
DA:372,3
DA:380,1
DA:381,1
DA:384,1
DA:386,1
DA:392,1
DA:394,4
DA:395,1
DA:398,1
DA:402,1
DA:404,1
DA:405,2
DA:406,1
DA:407,1
DA:408,2
DA:423,1
DA:424,1
DA:427,1
DA:430,1
DA:431,1
DA:437,1
DA:438,1
DA:439,3
DA:440,2
DA:442,4
DA:443,1
DA:444,3
DA:445,2
DA:447,1
DA:448,1
DA:449,1
DA:450,1
DA:451,1
DA:455,3
DA:456,1
DA:465,1
DA:467,5
DA:469,1
DA:470,0
DA:471,0
DA:479,1
DA:482,1
DA:483,1
DA:484,3
DA:486,1
DA:488,1
DA:489,1
DA:494,1
DA:497,4
DA:499,1
DA:502,1
DA:505,1
DA:506,0
DA:507,0
DA:509,0
DA:519,1
DA:522,1
DA:524,1
DA:525,1
DA:526,1
DA:534,1
DA:536,1
DA:538,6
DA:539,1
DA:541,1
DA:542,4
LF:233
LH:206
end_of_record
SF:lib/pages/reviewdigest/review_digest.dart
DA:18,2
DA:33,1
DA:34,1
DA:46,1
DA:48,1
DA:50,2
DA:51,4
DA:53,0
DA:54,0
DA:56,4
DA:57,4
DA:58,3
DA:59,5
DA:63,1
DA:64,1
DA:65,4
DA:67,1
DA:68,3
DA:70,3
DA:74,1
DA:75,1
DA:76,4
DA:78,1
DA:79,3
DA:81,3
DA:84,1
DA:86,2
DA:88,1
DA:91,1
DA:92,1
DA:93,1
DA:94,1
DA:98,1
DA:99,1
DA:100,1
DA:101,1
DA:103,3
DA:105,1
DA:106,1
DA:107,1
DA:111,1
DA:113,1
DA:114,2
DA:117,3
DA:118,1
DA:119,3
DA:128,2
DA:134,1
DA:143,1
DA:144,1
DA:145,3
DA:146,1
DA:147,1
DA:148,2
DA:149,1
DA:150,2
DA:151,1
DA:153,1
DA:154,2
DA:155,1
DA:162,1
DA:163,1
DA:164,1
DA:165,2
DA:167,1
DA:168,4
DA:169,1
DA:170,1
DA:171,1
DA:174,1
DA:175,3
DA:176,1
DA:177,1
DA:178,1
DA:180,1
DA:181,1
DA:182,1
DA:183,1
DA:184,4
DA:185,1
DA:187,1
DA:188,3
DA:190,2
DA:193,2
DA:195,2
DA:200,1
DA:201,0
LF:87
LH:84
end_of_record
SF:lib/pages/reviewdigest/selecting_compare_page.dart
DA:18,2
DA:33,1
DA:35,1
DA:47,1
DA:49,1
DA:50,3
DA:51,4
DA:52,4
DA:53,4
DA:54,3
DA:55,5
DA:59,1
DA:60,1
DA:61,3
DA:62,4
DA:64,4
DA:67,3
DA:69,3
DA:73,1
DA:74,1
DA:75,3
DA:76,4
DA:78,3
DA:79,1
DA:81,3
DA:83,3
DA:86,1
DA:88,2
DA:90,1
DA:91,1
DA:92,1
DA:93,1
DA:95,1
DA:96,1
DA:97,1
DA:98,1
DA:100,1
DA:101,1
DA:102,1
DA:105,1
DA:107,1
DA:108,2
DA:111,3
DA:112,1
DA:113,3
DA:122,2
DA:128,1
DA:137,1
DA:139,4
DA:140,1
DA:141,1
DA:142,2
DA:143,1
DA:144,2
DA:145,1
DA:147,1
DA:148,2
DA:149,1
DA:156,1
DA:157,1
DA:158,1
DA:159,2
DA:161,1
DA:162,4
DA:163,1
DA:164,1
DA:165,1
DA:168,1
DA:169,3
DA:170,1
DA:171,1
DA:172,1
DA:174,1
DA:175,1
DA:176,1
DA:177,1
DA:178,4
DA:179,1
DA:181,1
DA:182,2
DA:184,3
DA:187,2
DA:189,2
DA:190,2
LF:84
LH:84
end_of_record
SF:lib/pages/writereview/write_review_page.dart
DA:18,3
DA:25,1
DA:26,1
DA:46,1
DA:47,2
DA:48,1
DA:49,2
DA:50,3
DA:53,0
DA:56,2
DA:57,3
DA:62,1
DA:64,2
DA:66,1
DA:68,1
DA:69,1
DA:71,1
DA:72,1
DA:74,1
DA:76,1
DA:77,2
DA:78,2
DA:79,1
DA:80,1
DA:81,1
DA:84,1
DA:85,1
DA:86,1
DA:88,1
DA:89,1
DA:90,1
DA:91,1
DA:92,1
DA:93,1
DA:103,1
DA:106,1
DA:110,1
DA:111,1
DA:112,1
DA:113,1
DA:115,3
DA:118,3
DA:119,1
DA:121,3
DA:122,1
DA:123,3
DA:130,1
DA:132,1
DA:133,1
DA:134,3
DA:136,1
DA:147,1
DA:148,1
DA:149,1
DA:158,1
DA:159,1
DA:160,1
DA:161,1
DA:163,1
DA:168,1
DA:171,1
DA:172,2
DA:173,1
DA:175,1
DA:180,1
DA:181,1
DA:182,1
DA:183,2
DA:184,1
DA:186,1
DA:197,1
DA:198,1
DA:200,1
DA:204,1
DA:206,1
DA:208,1
DA:209,3
DA:211,1
DA:212,2
DA:213,1
DA:216,1
DA:218,1
DA:220,1
DA:221,1
DA:222,1
DA:223,3
DA:225,1
DA:239,1
DA:240,1
DA:241,1
DA:242,1
DA:243,1
DA:253,1
DA:256,1
DA:260,1
DA:261,1
DA:262,1
DA:263,1
DA:265,3
DA:268,3
DA:269,1
DA:271,3
DA:272,1
DA:273,3
DA:279,1
DA:281,1
DA:282,1
DA:283,1
DA:284,2
DA:286,1
DA:298,1
DA:299,1
DA:308,1
DA:312,1
DA:316,1
DA:326,3
DA:329,1
DA:331,2
DA:334,1
DA:335,1
DA:336,1
DA:337,1
DA:338,3
DA:340,1
DA:349,1
DA:350,1
DA:359,1
DA:363,1
DA:367,1
DA:368,3
DA:371,1
DA:373,1
DA:376,1
DA:377,1
DA:378,1
DA:379,3
DA:381,1
DA:390,1
DA:393,3
DA:394,1
DA:395,1
DA:398,1
DA:399,1
DA:400,1
DA:401,1
DA:402,4
DA:405,1
DA:407,1
DA:408,1
DA:409,1
DA:412,1
DA:414,1
DA:415,1
DA:417,1
DA:419,1
DA:421,1
DA:424,1
DA:429,1
DA:434,1
DA:435,1
DA:438,1
DA:439,1
DA:440,2
DA:442,1
DA:443,1
DA:444,1
DA:445,1
DA:448,1
DA:451,1
DA:452,1
DA:453,1
DA:454,1
DA:455,1
DA:456,3
DA:458,2
DA:470,1
DA:473,1
DA:475,1
DA:476,1
DA:478,1
DA:498,1
DA:500,1
DA:501,1
DA:503,1
DA:504,2
DA:513,1
DA:517,2
DA:519,1
DA:520,1
DA:524,2
DA:525,0
DA:526,0
DA:530,1
DA:532,1
DA:533,1
DA:540,1
DA:543,2
DA:545,1
DA:551,1
DA:552,1
DA:553,2
DA:555,1
DA:556,3
DA:561,1
DA:565,1
DA:568,1
DA:570,3
DA:575,1
DA:576,1
DA:577,3
DA:579,0
DA:580,0
DA:581,0
DA:583,1
DA:584,1
DA:592,1
DA:593,2
DA:594,1
DA:596,1
DA:597,1
DA:600,1
DA:601,1
DA:602,1
DA:603,0
DA:604,0
DA:605,0
DA:606,0
DA:608,0
DA:609,0
DA:610,0
DA:611,0
DA:612,0
DA:613,0
DA:614,0
DA:615,0
DA:616,0
DA:618,0
DA:619,0
DA:620,0
LF:239
LH:217
end_of_record
SF:lib/state/application_state.dart
DA:71,3
DA:72,6
DA:73,3
DA:75,6
DA:76,9
DA:77,12
DA:78,6
DA:79,18
DA:83,2
DA:84,2
DA:85,12
DA:89,2
DA:90,4
DA:91,4
DA:92,4
DA:94,4
DA:95,8
DA:96,6
DA:97,2
DA:99,4
DA:103,2
DA:105,2
DA:106,1
DA:107,2
DA:108,2
DA:109,2
DA:111,2
DA:112,2
DA:113,1
DA:115,2
DA:116,4
DA:118,2
DA:119,2
DA:120,4
DA:121,4
DA:122,4
DA:124,4
DA:125,8
DA:127,1
DA:128,1
DA:129,6
DA:131,1
DA:132,1
DA:133,2
DA:134,2
DA:136,2
DA:137,4
DA:139,1
DA:140,1
DA:141,2
DA:142,1
DA:144,2
DA:145,4
DA:148,6
DA:149,12
DA:150,2
DA:154,1
DA:160,1
DA:161,0
DA:162,0
DA:163,1
DA:164,2
DA:166,2
DA:167,1
DA:169,2
DA:170,1
DA:171,2
DA:172,2
DA:173,1
DA:174,2
DA:176,2
DA:177,1
DA:179,2
DA:180,1
DA:181,2
DA:183,2
DA:184,1
DA:185,2
DA:187,2
DA:188,1
DA:189,2
DA:190,2
DA:191,2
DA:193,2
DA:194,2
DA:195,1
DA:198,2
DA:199,4
DA:200,1
DA:201,2
DA:205,2
DA:206,1
DA:207,2
DA:209,2
DA:211,2
DA:212,1
DA:213,2
DA:216,2
DA:217,1
DA:218,2
DA:219,2
DA:220,2
DA:222,2
DA:223,2
DA:224,1
DA:227,2
DA:228,1
DA:229,2
DA:232,1
DA:233,2
DA:235,2
DA:236,1
DA:237,2
DA:238,2
DA:239,2
DA:241,2
DA:242,4
DA:243,1
DA:244,0
DA:245,0
DA:246,1
DA:247,2
DA:248,2
DA:250,2
DA:251,4
DA:252,1
DA:253,2
DA:255,2
DA:256,2
DA:257,1
DA:259,2
DA:262,2
DA:264,2
DA:266,1
DA:267,2
DA:268,1
DA:270,2
DA:271,4
DA:272,1
DA:274,2
DA:275,2
DA:277,1
DA:278,2
DA:279,1
DA:280,1
DA:282,2
DA:283,0
DA:284,0
DA:285,0
DA:286,0
DA:288,0
DA:290,3
DA:291,6
DA:292,1
DA:296,2
DA:297,4
DA:299,2
DA:300,12
DA:301,4
DA:302,2
DA:303,10
DA:305,4
DA:306,12
DA:308,2
LF:164
LH:155
end_of_record
SF:lib/components/discourseAppBar.dart
DA:8,20
DA:20,1
DA:21,1
DA:23,1
DA:24,1
DA:29,1
DA:30,1
DA:33,1
DA:34,1
DA:35,3
DA:38,1
DA:39,2
DA:43,1
DA:46,1
DA:47,1
DA:48,3
DA:51,4
DA:52,1
DA:53,2
DA:54,1
DA:64,20
DA:67,20
DA:69,20
DA:70,80
DA:71,40
DA:73,19
DA:74,19
DA:75,19
DA:76,1
DA:77,1
DA:78,0
DA:80,1
DA:87,20
DA:88,20
DA:89,20
DA:90,40
DA:94,20
DA:95,40
DA:96,1
DA:97,0
DA:98,0
DA:108,20
DA:111,20
DA:113,0
DA:114,0
DA:122,0
DA:124,0
LF:47
LH:40
end_of_record
SF:lib/components/discussionforum/entry_reply.dart
DA:11,2
DA:22,2
DA:23,2
DA:31,2
DA:32,2
DA:36,2
DA:37,3
DA:39,2
DA:42,2
DA:44,1
DA:45,1
DA:48,1
DA:50,2
DA:52,1
DA:53,2
DA:54,1
DA:55,2
DA:57,1
DA:59,1
DA:60,1
DA:62,1
DA:64,1
DA:65,1
DA:70,1
DA:72,1
DA:74,3
DA:75,3
DA:77,1
DA:79,2
DA:85,1
DA:88,1
DA:90,0
DA:91,0
DA:93,1
DA:94,1
DA:95,2
DA:96,1
DA:97,1
DA:98,1
DA:117,2
DA:118,2
DA:120,2
DA:121,0
DA:122,0
DA:124,8
DA:126,10
DA:130,2
DA:131,2
DA:132,2
DA:133,2
DA:134,2
DA:135,2
DA:136,2
DA:138,2
DA:139,8
DA:140,8
DA:146,2
DA:148,2
DA:149,8
DA:150,8
DA:156,2
DA:159,2
DA:160,6
DA:166,2
DA:168,2
DA:170,2
DA:171,2
DA:172,6
DA:174,6
DA:175,6
DA:176,8
DA:177,4
DA:178,2
DA:181,2
DA:184,2
DA:185,2
DA:188,1
DA:189,1
DA:190,0
DA:192,0
DA:194,0
DA:196,0
DA:198,0
DA:199,0
DA:200,0
DA:202,0
DA:203,0
DA:204,0
DA:231,8
DA:232,2
DA:233,6
DA:234,1
DA:235,3
DA:236,4
DA:237,2
DA:238,2
LF:96
LH:82
end_of_record
SF:lib/components/discussionforum/like_dislike_comment_bar.dart
DA:6,5
DA:21,5
DA:22,5
DA:26,5
DA:28,5
DA:29,5
DA:30,5
DA:34,5
DA:35,5
DA:36,5
DA:38,5
DA:39,5
DA:40,5
DA:41,20
DA:42,20
DA:44,5
DA:47,5
DA:50,0
DA:51,0
DA:52,0
DA:53,0
DA:61,5
DA:62,5
DA:63,5
DA:64,5
DA:65,20
DA:66,20
DA:68,5
DA:71,5
DA:74,1
DA:75,3
DA:76,4
DA:77,5
DA:90,5
DA:93,5
DA:94,5
DA:101,5
DA:103,5
DA:104,15
DA:105,20
LF:40
LH:36
end_of_record
SF:lib/model/firebase_model/discussion_reply_firebase.dart
DA:5,2
DA:27,0
DA:28,0
DA:29,0
DA:30,0
DA:31,0
DA:32,0
DA:33,0
DA:34,0
DA:35,0
DA:39,0
DA:42,0
DA:44,0
DA:45,0
DA:46,0
DA:47,0
DA:48,0
DA:49,0
DA:50,0
DA:51,0
DA:52,0
DA:55,0
DA:56,0
DA:57,0
DA:58,0
DA:59,0
DA:60,0
DA:61,0
DA:62,0
DA:63,0
DA:67,0
DA:68,0
DA:69,0
DA:70,0
DA:71,0
DA:72,0
DA:73,0
DA:74,0
DA:75,0
DA:76,0
LF:40
LH:1
end_of_record
SF:lib/service/discussion_service.dart
DA:15,0
DA:16,0
DA:18,0
DA:20,0
DA:24,0
DA:26,0
DA:28,0
DA:30,0
DA:33,0
DA:34,0
DA:39,0
DA:41,0
DA:43,0
DA:46,0
DA:47,0
DA:48,0
DA:53,0
DA:54,0
DA:56,0
DA:58,0
DA:60,0
DA:61,0
DA:62,0
DA:63,0
DA:65,0
DA:66,0
DA:67,0
DA:68,0
DA:69,0
DA:77,0
DA:78,0
DA:79,0
DA:80,0
DA:81,0
DA:82,0
DA:85,0
DA:86,0
DA:87,0
DA:88,0
DA:95,0
DA:97,0
DA:100,0
DA:101,0
DA:106,0
DA:108,0
DA:111,0
DA:112,0
DA:117,0
DA:118,0
DA:122,0
DA:124,0
DA:128,0
DA:129,0
DA:133,0
DA:134,0
DA:136,0
DA:139,0
DA:140,0
DA:141,0
DA:142,0
DA:143,0
DA:144,0
DA:145,0
LF:63
LH:0
end_of_record
SF:lib/components/discussionforum/forum_card.dart
DA:13,2
DA:18,2
DA:19,2
DA:26,2
DA:28,2
DA:29,8
DA:30,8
DA:34,2
DA:35,2
DA:39,0
DA:40,0
DA:42,0
DA:45,2
DA:47,4
DA:49,2
DA:51,2
DA:54,2
DA:55,0
DA:56,0
DA:57,0
DA:59,2
DA:61,2
DA:62,2
DA:64,6
DA:65,2
DA:66,2
DA:68,4
DA:69,2
DA:70,2
DA:71,2
DA:72,2
DA:73,2
DA:74,2
DA:77,2
DA:78,8
DA:79,8
DA:84,2
DA:86,2
DA:87,8
DA:88,8
DA:93,2
DA:96,2
DA:97,2
DA:98,8
DA:106,2
DA:109,2
DA:112,2
DA:114,12
DA:115,2
DA:117,10
DA:121,2
DA:123,2
DA:124,6
DA:126,6
DA:127,6
DA:128,8
DA:129,4
LF:57
LH:51
end_of_record
SF:lib/components/tag_widget.dart
DA:6,12
DA:9,12
DA:11,12
DA:14,12
DA:15,36
DA:16,12
DA:17,12
DA:18,12
DA:19,12
LF:9
LH:9
end_of_record
SF:lib/model/firebase_model/discussion_entry_firebase.dart
DA:6,3
DA:33,0
DA:34,0
DA:35,0
DA:36,0
DA:37,0
DA:38,0
DA:39,0
DA:40,0
DA:41,0
DA:42,0
DA:43,0
DA:47,0
DA:48,0
DA:50,0
DA:51,0
DA:52,0
DA:53,0
DA:54,0
DA:55,0
DA:56,0
DA:57,0
DA:58,0
DA:59,0
DA:60,0
DA:65,0
DA:66,0
DA:67,0
DA:68,0
DA:69,0
DA:70,0
DA:71,0
DA:72,0
DA:73,0
DA:74,0
DA:75,0
LF:36
LH:1
end_of_record
SF:lib/components/home_page_card.dart
DA:8,2
DA:11,2
DA:12,4
DA:16,2
DA:47,2
DA:49,4
DA:51,2
DA:52,2
DA:54,4
DA:55,2
DA:56,0
DA:57,0
DA:59,2
DA:60,2
DA:61,2
DA:62,4
DA:63,4
DA:64,2
DA:65,8
DA:66,4
DA:67,4
DA:68,2
DA:69,2
DA:70,2
DA:73,4
DA:78,2
DA:79,2
DA:80,2
DA:81,2
DA:82,2
DA:83,2
DA:84,2
DA:85,2
DA:87,2
DA:90,2
DA:91,2
DA:93,2
DA:94,2
DA:95,6
DA:97,8
DA:98,4
DA:99,4
DA:103,2
DA:104,2
DA:105,2
DA:106,2
DA:108,4
DA:111,2
DA:112,2
DA:113,2
DA:114,2
DA:115,6
DA:116,2
DA:120,8
DA:121,2
DA:122,2
DA:123,2
DA:124,2
DA:137,2
DA:140,2
DA:142,2
DA:143,2
DA:144,2
DA:145,2
DA:146,6
DA:148,2
DA:151,8
DA:152,4
DA:153,4
LF:69
LH:67
end_of_record
SF:lib/components/marketplace/listing_card.dart
DA:10,1
DA:13,1
DA:15,2
DA:17,1
DA:19,1
DA:20,0
DA:21,0
DA:23,1
DA:25,1
DA:26,1
DA:27,2
DA:29,1
DA:30,1
DA:32,3
DA:33,2
DA:34,1
DA:36,1
DA:37,1
DA:38,7
DA:39,1
DA:40,1
DA:41,3
DA:42,0
DA:43,0
DA:55,1
DA:56,2
DA:57,2
DA:58,1
DA:59,1
DA:61,1
DA:62,1
DA:64,1
DA:65,1
DA:66,1
DA:67,2
DA:68,3
DA:79,1
DA:81,1
DA:82,1
DA:84,1
DA:88,1
DA:89,4
DA:90,0
DA:92,0
DA:93,0
DA:101,1
DA:103,1
DA:105,1
DA:109,3
LF:49
LH:42
end_of_record
SF:lib/components/marketplace/my_listing_card.dart
DA:11,1
DA:15,1
DA:17,2
DA:18,1
DA:20,1
DA:22,1
DA:23,0
DA:24,0
DA:26,1
DA:28,1
DA:29,1
DA:32,1
DA:33,1
DA:35,3
DA:36,2
DA:37,1
DA:39,1
DA:40,1
DA:41,1
DA:42,2
DA:43,2
DA:44,2
DA:45,1
DA:46,1
DA:47,3
DA:48,0
DA:49,0
DA:61,1
DA:62,2
DA:63,2
DA:64,1
DA:66,1
DA:67,1
DA:69,1
DA:70,1
DA:71,1
DA:72,2
DA:73,3
DA:76,1
DA:84,1
DA:86,1
DA:87,1
DA:89,1
DA:90,1
DA:93,1
DA:94,4
DA:95,0
DA:97,0
DA:98,0
DA:106,1
DA:108,1
DA:111,1
DA:112,0
DA:114,0
DA:115,0
DA:117,0
DA:118,0
DA:119,0
DA:124,1
DA:125,2
DA:126,1
DA:127,1
LF:62
LH:49
end_of_record
SF:lib/service/market_item_service.dart
DA:11,0
DA:12,0
DA:13,0
DA:17,0
DA:18,0
DA:20,0
DA:21,0
DA:22,0
DA:24,0
DA:25,0
DA:26,0
DA:27,0
DA:28,0
DA:29,0
DA:30,0
DA:31,0
DA:32,0
DA:33,0
DA:38,0
DA:39,0
DA:41,0
DA:42,0
DA:43,0
DA:45,0
DA:46,0
DA:47,0
DA:48,0
DA:49,0
DA:50,0
DA:51,0
DA:52,0
DA:53,0
DA:54,0
DA:59,0
DA:60,0
LF:35
LH:0
end_of_record
SF:lib/components/myaccount/compact_bookmark_card.dart
DA:10,2
DA:13,2
DA:15,4
DA:16,2
DA:18,2
DA:19,0
DA:20,0
DA:22,2
DA:23,2
DA:24,4
DA:25,4
DA:29,2
DA:30,2
DA:31,2
DA:32,4
DA:34,2
DA:36,2
DA:37,2
DA:38,2
DA:40,2
DA:41,2
DA:42,2
DA:43,6
DA:46,2
DA:48,4
DA:55,2
DA:57,8
DA:58,2
DA:59,4
DA:62,2
DA:65,2
DA:66,2
DA:67,4
DA:71,2
DA:74,2
DA:75,6
DA:76,2
DA:77,4
DA:78,2
DA:79,2
DA:80,4
LF:41
LH:39
end_of_record
SF:lib/components/myaccount/compact_review_card.dart
DA:9,2
DA:12,2
DA:14,4
DA:16,2
DA:18,2
DA:19,0
DA:20,0
DA:22,2
DA:23,2
DA:24,4
DA:25,4
DA:28,2
DA:29,2
DA:30,2
DA:31,4
DA:32,2
DA:33,2
DA:34,2
DA:35,2
DA:37,2
DA:38,4
DA:39,2
DA:40,6
DA:44,2
DA:46,2
DA:47,2
DA:48,2
DA:49,2
DA:52,6
DA:53,2
DA:55,4
DA:61,8
DA:62,2
DA:64,4
DA:68,2
DA:71,2
DA:72,2
DA:73,2
DA:75,4
LF:39
LH:37
end_of_record
SF:lib/components/myaccount/my_bookmark_card.dart
DA:11,2
DA:14,2
DA:17,2
DA:18,2
DA:21,2
DA:22,0
DA:23,0
DA:24,0
DA:26,2
DA:29,2
DA:31,8
DA:33,2
DA:35,2
DA:36,2
DA:37,8
DA:42,2
DA:44,8
DA:49,2
DA:51,2
DA:52,14
DA:58,2
DA:60,2
DA:61,2
DA:62,2
DA:63,2
DA:72,2
DA:74,2
DA:76,2
DA:77,4
DA:80,2
DA:81,2
DA:82,4
DA:89,2
DA:91,2
DA:93,2
DA:94,10
DA:95,2
DA:97,2
DA:98,6
LF:39
LH:36
end_of_record
SF:lib/components/myaccount/my_review_card.dart
DA:9,2
DA:12,2
DA:15,2
DA:16,2
DA:19,2
DA:20,0
DA:21,0
DA:23,2
DA:27,2
DA:29,8
DA:30,2
DA:32,2
DA:33,2
DA:34,2
DA:35,2
DA:36,8
DA:44,2
DA:45,2
DA:46,6
DA:49,2
DA:51,2
DA:52,14
DA:56,2
DA:57,2
DA:58,2
DA:59,2
DA:60,4
LF:27
LH:25
end_of_record
SF:lib/components/reviewdigest/compared_review_column.dart
DA:14,2
DA:25,2
DA:26,2
DA:32,2
DA:34,2
DA:35,10
DA:38,2
DA:40,4
DA:42,2
DA:44,2
DA:46,2
DA:47,4
DA:48,4
DA:50,2
DA:51,2
DA:52,2
DA:53,2
DA:55,2
DA:56,2
DA:58,2
DA:59,2
DA:61,10
DA:67,2
DA:69,10
DA:76,2
DA:78,2
DA:80,2
DA:81,2
DA:82,2
DA:83,4
DA:85,2
DA:87,18
DA:88,2
DA:89,18
DA:90,2
DA:91,4
DA:96,2
DA:98,2
DA:99,2
DA:100,2
DA:101,2
DA:109,2
DA:111,2
DA:112,10
DA:121,2
DA:123,2
DA:124,2
DA:125,2
DA:126,2
DA:134,2
DA:136,2
DA:137,10
DA:146,2
DA:147,2
DA:148,2
DA:154,2
DA:156,2
DA:157,2
DA:158,20
DA:161,6
DA:162,2
DA:163,4
DA:164,2
DA:165,4
DA:174,2
DA:180,2
DA:182,2
DA:183,2
DA:184,20
DA:187,6
DA:188,2
DA:189,4
DA:190,2
DA:191,4
DA:202,2
DA:204,2
DA:205,2
DA:206,2
DA:207,2
DA:215,2
DA:217,2
DA:219,12
DA:220,2
DA:223,10
DA:229,2
DA:232,2
DA:234,2
DA:235,0
DA:236,0
DA:237,0
DA:242,2
DA:244,2
DA:246,2
DA:247,1
DA:248,1
DA:249,3
DA:250,4
DA:251,3
DA:252,3
DA:254,1
DA:255,3
DA:256,4
DA:257,3
DA:258,3
DA:261,2
DA:262,2
DA:263,2
DA:266,2
DA:267,2
DA:268,4
DA:270,2
LF:111
LH:108
end_of_record
SF:lib/model/firebase_model/bookmark.dart
DA:3,2
DA:12,0
DA:13,0
DA:14,0
DA:15,0
DA:20,0
DA:21,0
DA:22,0
DA:23,0
DA:28,0
DA:29,0
DA:30,0
DA:31,0
LF:13
LH:1
end_of_record
SF:lib/service/bookmark_service.dart
DA:14,0
DA:15,0
DA:19,0
DA:21,0
DA:22,0
DA:26,0
DA:28,0
DA:29,0
DA:30,0
DA:33,0
DA:34,0
DA:35,0
DA:36,0
DA:38,0
DA:46,0
DA:48,0
DA:50,0
DA:51,0
DA:52,0
DA:56,0
DA:57,0
DA:58,0
DA:59,0
DA:60,0
DA:62,0
DA:63,0
DA:68,0
DA:69,0
DA:70,0
DA:71,0
DA:72,0
DA:74,0
LF:32
LH:0
end_of_record
SF:lib/components/reviewdigest/review_card.dart
DA:8,4
DA:17,4
DA:19,4
DA:20,4
DA:21,3
DA:22,12
DA:26,4
DA:27,4
DA:28,4
DA:29,4
DA:31,4
DA:32,4
DA:33,4
DA:35,4
DA:36,4
DA:38,4
DA:40,12
DA:41,12
DA:51,4
DA:53,4
DA:55,16
DA:56,4
DA:57,4
DA:58,4
DA:59,8
DA:63,8
DA:66,5
DA:68,1
DA:69,3
DA:70,1
DA:73,2
DA:75,4
DA:77,4
DA:78,20
DA:79,4
DA:82,8
DA:86,4
DA:89,12
DA:91,4
DA:93,8
LF:40
LH:40
end_of_record
SF:lib/components/reviewdigest/review_digest_card.dart
DA:14,3
DA:29,3
DA:30,3
DA:34,1
DA:36,3
DA:38,3
DA:39,6
DA:40,6
DA:41,5
DA:42,12
DA:43,1
DA:48,3
DA:51,3
DA:52,3
DA:53,6
DA:54,8
DA:55,12
DA:57,3
DA:58,0
DA:59,0
DA:60,0
DA:61,0
DA:62,0
DA:63,0
DA:65,3
DA:67,3
DA:68,3
DA:69,3
DA:70,6
DA:75,3
DA:77,3
DA:79,3
DA:80,3
DA:81,3
DA:83,3
DA:84,3
DA:86,3
DA:87,3
DA:88,3
DA:89,12
DA:98,3
DA:100,3
DA:101,12
DA:106,3
DA:108,3
DA:109,27
DA:114,3
DA:116,3
DA:118,12
DA:120,3
DA:121,3
DA:122,3
DA:123,6
DA:127,9
DA:130,3
DA:132,3
DA:134,3
DA:135,3
DA:136,15
DA:137,3
DA:139,3
DA:140,12
DA:148,3
DA:149,3
DA:150,6
DA:152,2
DA:154,10
DA:156,2
DA:157,2
DA:158,1
DA:159,2
DA:163,1
DA:164,1
DA:165,2
DA:166,1
DA:167,3
DA:168,1
DA:169,3
DA:170,3
DA:172,1
DA:174,3
DA:175,1
DA:176,3
DA:177,2
DA:178,1
DA:179,3
DA:184,6
DA:186,2
DA:188,10
DA:190,2
DA:191,0
DA:192,0
DA:193,0
DA:195,2
DA:196,2
DA:197,2
LF:96
LH:87
end_of_record
SF:lib/components/searchBarWithoutButton.dart
DA:5,3
DA:10,3
DA:11,3
DA:17,3
DA:19,3
DA:20,12
DA:23,3
DA:25,6
DA:26,3
DA:29,3
DA:31,6
DA:33,3
DA:34,3
DA:35,6
DA:39,3
DA:40,3
DA:41,3
DA:43,3
DA:45,3
DA:46,3
DA:48,3
DA:49,3
DA:50,3
DA:51,3
DA:52,6
DA:53,3
DA:55,1
DA:56,3
LF:28
LH:28
end_of_record
SF:lib/components/search_module.dart
DA:7,5
DA:12,5
DA:14,10
DA:16,5
DA:17,5
DA:18,10
DA:20,5
DA:22,5
DA:23,5
DA:25,5
DA:26,5
DA:27,5
DA:30,5
DA:35,20
DA:36,5
DA:37,15
DA:38,5
DA:39,15
DA:40,5
DA:41,15
DA:45,10
DA:47,4
DA:49,8
DA:51,12
LF:24
LH:24
end_of_record
SF:lib/model/firebase_model/market_page_item_firebase.dart
DA:3,1
DA:26,1
DA:27,1
DA:28,1
DA:29,1
DA:30,1
DA:31,1
DA:32,1
DA:33,1
DA:34,1
DA:35,1
DA:36,1
DA:41,1
DA:42,1
DA:43,1
DA:44,1
DA:45,1
DA:46,1
DA:47,1
DA:48,1
DA:49,2
DA:50,2
DA:51,1
LF:23
LH:23
end_of_record
SF:lib/service/course_review_service.dart
DA:18,0
DA:19,0
DA:21,0
DA:22,0
DA:25,0
DA:26,0
DA:27,0
DA:28,0
DA:30,0
DA:31,0
DA:32,0
DA:34,0
DA:35,0
DA:36,0
DA:37,0
DA:38,0
DA:39,0
DA:42,0
DA:44,0
DA:47,0
DA:50,0
DA:51,0
DA:52,0
DA:53,0
DA:54,0
DA:55,0
DA:58,0
DA:59,0
DA:60,0
DA:65,0
DA:66,0
DA:67,0
DA:68,0
DA:70,0
DA:74,0
DA:75,0
DA:76,0
DA:78,0
DA:82,0
DA:84,0
DA:91,0
DA:92,0
DA:93,0
DA:95,0
DA:97,0
DA:98,0
DA:99,0
DA:100,0
DA:101,0
DA:102,0
DA:103,0
DA:110,0
DA:112,0
DA:113,0
DA:115,0
DA:117,0
DA:118,0
DA:119,0
DA:120,0
DA:121,0
DA:122,0
DA:123,0
DA:124,0
DA:131,0
DA:133,0
DA:135,0
DA:137,0
DA:140,0
DA:144,0
DA:145,0
DA:146,0
DA:147,0
DA:148,0
DA:149,0
DA:150,0
DA:151,0
DA:152,0
DA:153,0
DA:154,0
DA:155,0
DA:161,0
DA:162,0
DA:163,0
DA:164,0
DA:165,0
DA:166,0
DA:167,0
DA:168,0
DA:169,0
DA:170,0
DA:171,0
DA:181,0
DA:185,0
DA:186,0
DA:188,0
DA:191,0
DA:195,0
DA:196,0
DA:197,0
DA:199,0
DA:200,0
DA:201,0
DA:202,0
DA:203,0
DA:204,0
DA:205,0
DA:206,0
DA:207,0
DA:208,0
DA:214,0
DA:215,0
DA:216,0
DA:218,0
DA:219,0
DA:220,0
DA:221,0
DA:222,0
DA:223,0
DA:224,0
DA:225,0
DA:226,0
DA:235,0
DA:236,0
DA:237,0
DA:239,0
DA:241,0
DA:242,0
DA:244,0
DA:245,0
DA:246,0
DA:254,0
DA:255,0
DA:256,0
DA:258,0
DA:259,0
DA:260,0
DA:261,0
DA:262,0
DA:263,0
DA:264,0
DA:265,0
DA:275,0
DA:277,0
DA:278,0
DA:280,0
DA:283,0
DA:286,0
DA:287,0
DA:288,0
DA:289,0
DA:290,0
DA:291,0
DA:292,0
DA:293,0
DA:294,0
DA:295,0
DA:296,0
DA:297,0
DA:306,0
DA:307,0
DA:308,0
DA:310,0
DA:312,0
DA:313,0
DA:314,0
DA:315,0
DA:316,0
DA:317,0
DA:318,0
DA:319,0
DA:328,0
DA:329,0
DA:330,0
DA:332,0
DA:335,0
DA:337,0
DA:338,0
DA:339,0
DA:340,0
DA:341,0
DA:342,0
DA:343,0
DA:351,0
DA:352,0
DA:353,0
DA:355,0
DA:357,0
DA:359,0
DA:360,0
DA:361,0
DA:362,0
DA:363,0
DA:370,0
DA:372,0
DA:373,0
DA:375,0
DA:378,0
DA:380,0
DA:381,0
DA:382,0
DA:383,0
DA:384,0
DA:385,0
DA:386,0
DA:387,0
DA:395,0
DA:397,0
DA:398,0
DA:400,0
DA:403,0
DA:404,0
DA:405,0
DA:406,0
DA:408,0
DA:409,0
DA:410,0
DA:411,0
DA:412,0
DA:413,0
DA:415,0
DA:416,0
DA:417,0
DA:418,0
DA:419,0
DA:420,0
DA:421,0
DA:422,0
DA:423,0
DA:424,0
LF:229
LH:0
end_of_record
SF:lib/service/upload_service.dart
DA:11,0
DA:13,0
DA:14,0
DA:15,0
DA:16,0
DA:18,0
DA:21,0
DA:25,0
DA:30,0
DA:32,0
DA:34,0
DA:35,0
DA:36,0
DA:39,0
DA:42,0
DA:47,0
DA:49,0
DA:50,0
DA:51,0
DA:52,0
DA:54,0
DA:57,0
DA:61,0
LF:23
LH:0
end_of_record
SF:lib/pages/marketpage/my_listing_page.dart
DA:11,1
DA:18,1
DA:19,1
DA:27,1
DA:29,1
DA:30,3
DA:31,1
DA:35,1
DA:37,3
DA:38,1
DA:39,3
DA:40,3
DA:41,2
DA:42,1
DA:46,0
DA:51,0
DA:52,0
DA:53,0
DA:58,1
DA:59,2
DA:60,1
DA:62,0
DA:63,0
DA:64,0
DA:65,0
DA:66,0
DA:67,0
DA:70,1
DA:72,2
DA:74,1
DA:75,1
DA:76,1
DA:77,1
DA:82,2
DA:83,1
DA:84,1
DA:85,1
DA:86,1
DA:87,2
DA:89,1
DA:91,1
DA:92,1
DA:93,1
DA:94,1
DA:95,0
DA:96,3
DA:99,1
DA:100,1
DA:102,3
DA:103,1
DA:105,1
DA:106,1
DA:107,0
DA:108,0
DA:109,0
LF:55
LH:41
end_of_record
SF:lib/service/user_service.dart
DA:8,0
DA:9,0
DA:12,0
DA:14,0
DA:19,0
DA:20,0
DA:23,0
DA:24,0
DA:26,0
DA:28,0
LF:10
LH:0
end_of_record
SF:lib/service/instructor_service.dart
DA:14,0
DA:15,0
DA:19,0
DA:20,0
DA:22,0
DA:23,0
DA:29,0
DA:30,0
DA:31,0
DA:33,0
DA:34,0
DA:35,0
DA:36,0
DA:43,0
DA:45,0
DA:47,0
DA:48,0
DA:50,0
DA:52,0
DA:53,0
DA:54,0
DA:55,0
DA:56,0
DA:57,0
DA:64,0
DA:66,0
DA:70,0
DA:71,0
DA:75,0
DA:76,0
DA:78,0
DA:79,0
DA:83,0
DA:84,0
DA:85,0
DA:86,0
DA:87,0
DA:89,0
DA:90,0
DA:93,0
DA:94,0
DA:96,0
DA:99,0
DA:100,0
LF:44
LH:0
end_of_record
SF:lib/service/course_service.dart
DA:7,33
DA:13,0
DA:14,0
DA:18,0
DA:19,0
DA:21,0
DA:22,0
DA:28,0
DA:29,0
DA:30,0
DA:31,0
DA:33,0
DA:34,0
DA:35,0
DA:36,0
DA:37,0
DA:45,0
DA:46,0
DA:47,0
DA:48,0
DA:50,0
DA:51,0
DA:52,0
DA:53,0
DA:54,0
DA:62,0
DA:64,0
DA:68,0
DA:69,0
DA:73,0
DA:74,0
DA:75,0
DA:76,0
DA:78,0
DA:79,0
DA:80,0
DA:84,0
DA:86,0
DA:88,0
DA:89,0
DA:90,0
LF:41
LH:1
end_of_record
SF:lib/pages/writereview/successful_review_page.dart
DA:8,39
DA:10,1
DA:12,2
DA:14,1
DA:16,1
DA:17,1
DA:18,1
DA:19,2
DA:20,2
DA:22,1
DA:23,1
DA:24,2
DA:25,3
DA:26,2
DA:27,1
DA:28,1
DA:29,1
DA:30,1
DA:32,1
DA:34,1
DA:37,1
DA:38,1
DA:39,2
DA:40,3
DA:41,1
DA:42,1
DA:43,1
DA:44,1
DA:51,1
DA:65,1
DA:66,1
DA:67,2
DA:75,1
DA:77,1
DA:79,1
DA:80,1
DA:81,1
DA:82,2
DA:83,1
DA:86,1
DA:87,1
DA:88,1
DA:90,1
DA:91,1
DA:92,0
DA:93,0
DA:101,1
DA:103,3
DA:104,1
DA:107,1
DA:108,1
DA:109,1
DA:111,1
DA:112,1
DA:113,0
DA:114,0
LF:56
LH:52
end_of_record
SF:lib/components/bottomNavBar.dart
DA:8,1
DA:10,1
DA:11,1
DA:25,1
DA:27,2
DA:28,1
DA:30,1
DA:31,1
DA:32,3
DA:33,2
DA:35,0
DA:36,0
DA:40,2
DA:41,2
DA:42,1
DA:43,5
LF:16
LH:14
end_of_record
SF:lib/pages/authentication/landing_page.dart
DA:9,1
DA:11,1
DA:12,1
DA:16,1
DA:18,1
DA:19,1
DA:20,1
DA:22,1
DA:23,1
DA:24,1
DA:25,1
DA:26,1
DA:36,1
DA:40,1
DA:44,1
DA:46,0
DA:47,0
DA:49,1
DA:51,3
DA:52,1
DA:53,1
DA:54,1
DA:66,1
DA:69,1
DA:73,1
DA:75,0
DA:76,1
DA:78,3
DA:79,1
DA:80,1
DA:81,1
LF:31
LH:28
end_of_record
SF:lib/pages/authentication/sign_up_page.dart
DA:11,1
DA:13,1
DA:14,1
DA:25,1
DA:27,1
DA:28,2
DA:30,1
DA:32,1
DA:33,1
DA:35,3
DA:36,1
DA:37,1
DA:38,1
DA:40,1
DA:44,1
DA:45,1
DA:46,1
DA:48,1
DA:49,1
DA:50,1
DA:51,2
DA:52,2
DA:53,1
DA:55,1
DA:61,1
DA:64,1
DA:65,1
DA:66,2
DA:67,1
DA:68,2
DA:69,2
DA:70,0
DA:71,0
DA:78,1
DA:79,1
DA:82,1
DA:92,1
DA:93,1
DA:94,2
DA:95,2
DA:96,1
DA:98,1
DA:104,1
DA:107,1
DA:108,1
DA:109,2
DA:110,1
DA:111,2
DA:112,2
DA:113,2
DA:114,0
DA:124,1
DA:125,1
DA:128,2
DA:138,1
DA:139,1
DA:140,2
DA:141,2
DA:142,1
DA:144,1
DA:150,1
DA:153,1
DA:160,1
DA:161,1
DA:162,2
DA:163,2
DA:164,2
DA:165,2
DA:166,1
DA:170,1
DA:171,1
DA:174,2
DA:186,3
DA:187,1
DA:188,2
DA:189,2
DA:190,1
DA:192,1
DA:194,1
DA:195,1
DA:196,1
DA:197,3
DA:199,0
DA:200,0
DA:201,0
DA:202,0
DA:204,0
DA:205,0
DA:206,0
DA:208,0
DA:209,0
DA:212,0
DA:213,0
DA:214,0
DA:220,1
DA:221,1
DA:222,1
DA:223,2
DA:224,2
DA:225,1
DA:226,1
DA:227,1
DA:229,1
DA:231,1
DA:232,1
DA:233,2
DA:234,2
DA:241,1
DA:242,3
DA:243,1
DA:247,1
DA:248,1
DA:249,1
DA:250,1
DA:251,3
DA:255,1
DA:256,1
DA:257,2
DA:258,2
DA:259,1
DA:260,1
DA:262,1
DA:266,1
DA:268,0
LF:124
LH:108
end_of_record
SF:lib/pages/authentication/sign_in_page.dart
DA:11,1
DA:13,1
DA:14,1
DA:24,1
DA:26,1
DA:27,2
DA:29,1
DA:31,1
DA:32,1
DA:34,3
DA:35,1
DA:36,1
DA:37,1
DA:39,1
DA:43,3
DA:44,1
DA:45,1
DA:46,1
DA:48,1
DA:49,1
DA:50,1
DA:51,2
DA:52,2
DA:53,1
DA:55,1
DA:56,1
DA:59,1
DA:62,1
DA:63,1
DA:64,2
DA:65,1
DA:66,2
DA:67,2
DA:68,0
DA:75,1
DA:76,1
DA:79,1
DA:89,1
DA:90,1
DA:91,2
DA:92,2
DA:93,1
DA:95,1
DA:97,1
DA:100,1
DA:101,1
DA:102,2
DA:103,1
DA:104,2
DA:105,2
DA:106,1
DA:116,1
DA:117,1
DA:129,3
DA:130,1
DA:131,2
DA:132,2
DA:133,1
DA:137,1
DA:138,1
DA:139,1
DA:140,3
DA:142,0
DA:143,0
DA:144,0
DA:145,0
DA:147,0
DA:148,0
DA:149,0
DA:151,0
DA:152,0
DA:155,0
DA:156,0
DA:157,0
DA:158,0
DA:164,1
DA:165,1
DA:166,1
DA:167,2
DA:168,2
DA:170,1
DA:171,1
DA:172,1
DA:174,1
DA:176,1
DA:177,1
DA:178,2
DA:179,2
DA:187,1
DA:188,3
DA:189,1
DA:193,1
DA:194,1
DA:195,1
DA:196,1
DA:197,3
DA:201,1
DA:202,1
DA:203,2
DA:204,2
DA:205,1
DA:206,1
DA:208,1
DA:212,1
DA:214,0
LF:105
LH:90
end_of_record
